[2025-04-20 23:18:02] [INFO] [main] o.m.s.SpringHomeworkAopApplication - Starting SpringHomeworkAopApplication using Java 17 with PID 18368 (D:\JavaRes\HomeworkT1\spring-homework-aop\target\classes started by User in D:\JavaRes\HomeworkT1)
[2025-04-20 23:18:02] [INFO] [main] o.m.s.SpringHomeworkAopApplication - No active profile set, falling back to 1 default profile: "default"
[2025-04-20 23:18:03] [INFO] [main] o.s.d.r.c.RepositoryConfigurationDelegate - Bootstrapping Spring Data JPA repositories in DEFAULT mode.
[2025-04-20 23:18:03] [INFO] [main] o.s.d.r.c.RepositoryConfigurationDelegate - Finished Spring Data repository scanning in 51 ms. Found 1 JPA repository interface.
[2025-04-20 23:18:04] [INFO] [main] o.s.b.w.e.tomcat.TomcatWebServer - Tomcat initialized with port 8080 (http)
[2025-04-20 23:18:04] [INFO] [main] o.a.catalina.core.StandardService - Starting service [Tomcat]
[2025-04-20 23:18:04] [INFO] [main] o.a.catalina.core.StandardEngine - Starting Servlet engine: [Apache Tomcat/10.1.39]
[2025-04-20 23:18:04] [INFO] [main] o.a.c.c.C.[Tomcat].[localhost].[/] - Initializing Spring embedded WebApplicationContext
[2025-04-20 23:18:04] [INFO] [main] o.s.b.w.s.c.ServletWebServerApplicationContext - Root WebApplicationContext: initialization completed in 1416 ms
[2025-04-20 23:18:04] [INFO] [main] com.zaxxer.hikari.HikariDataSource - HikariPool-1 - Starting...
[2025-04-20 23:18:04] [INFO] [main] com.zaxxer.hikari.pool.HikariPool - HikariPool-1 - Added connection org.postgresql.jdbc.PgConnection@3c7b137a
[2025-04-20 23:18:04] [INFO] [main] com.zaxxer.hikari.HikariDataSource - HikariPool-1 - Start completed.
[2025-04-20 23:18:04] [INFO] [main] o.h.jpa.internal.util.LogHelper - HHH000204: Processing PersistenceUnitInfo [name: default]
[2025-04-20 23:18:04] [INFO] [main] org.hibernate.Version - HHH000412: Hibernate ORM core version 6.6.11.Final
[2025-04-20 23:18:04] [INFO] [main] o.h.c.i.RegionFactoryInitiator - HHH000026: Second-level cache disabled
[2025-04-20 23:18:04] [INFO] [main] o.s.o.j.p.SpringPersistenceUnitInfo - No LoadTimeWeaver setup: ignoring JPA class transformer
[2025-04-20 23:18:05] [INFO] [main] o.hibernate.orm.connections.pooling - HHH10001005: Database info:
	Database JDBC URL [Connecting through datasource 'HikariDataSource (HikariPool-1)']
	Database driver: undefined/unknown
	Database version: 16.3
	Autocommit mode: undefined/unknown
	Isolation level: undefined/unknown
	Minimum pool size: undefined/unknown
	Maximum pool size: undefined/unknown
[2025-04-20 23:18:05] [INFO] [main] o.h.e.t.j.p.i.JtaPlatformInitiator - HHH000489: No JTA platform available (set 'hibernate.transaction.jta.platform' to enable JTA platform integration)
[2025-04-20 23:18:05] [INFO] [main] o.s.o.j.LocalContainerEntityManagerFactoryBean - Initialized JPA EntityManagerFactory for persistence unit 'default'
[2025-04-20 23:18:06] [WARN] [main] o.s.b.a.o.j.JpaBaseConfiguration$JpaWebConfiguration - spring.jpa.open-in-view is enabled by default. Therefore, database queries may be performed during view rendering. Explicitly configure spring.jpa.open-in-view to disable this warning
[2025-04-20 23:18:06] [INFO] [main] o.s.b.w.e.tomcat.TomcatWebServer - Tomcat started on port 8080 (http) with context path '/'
[2025-04-20 23:18:06] [INFO] [main] o.a.k.c.consumer.ConsumerConfig - ConsumerConfig values: 
	allow.auto.create.topics = true
	auto.commit.interval.ms = 5000
	auto.include.jmx.reporter = true
	auto.offset.reset = earliest
	bootstrap.servers = [192.168.59.103:9092]
	check.crcs = true
	client.dns.lookup = use_all_dns_ips
	client.id = consumer-task-status-error-listener-1
	client.rack = 
	connections.max.idle.ms = 540000
	default.api.timeout.ms = 60000
	enable.auto.commit = false
	enable.metrics.push = true
	exclude.internal.topics = true
	fetch.max.bytes = 52428800
	fetch.max.wait.ms = 500
	fetch.min.bytes = 1
	group.id = task-status-error-listener
	group.instance.id = null
	group.protocol = classic
	group.remote.assignor = null
	heartbeat.interval.ms = 3000
	interceptor.classes = []
	internal.leave.group.on.close = true
	internal.throw.on.fetch.stable.offset.unsupported = false
	isolation.level = read_uncommitted
	key.deserializer = class org.apache.kafka.common.serialization.StringDeserializer
	max.partition.fetch.bytes = 1048576
	max.poll.interval.ms = 300000
	max.poll.records = 10
	metadata.max.age.ms = 300000
	metric.reporters = []
	metrics.num.samples = 2
	metrics.recording.level = INFO
	metrics.sample.window.ms = 30000
	partition.assignment.strategy = [class org.apache.kafka.clients.consumer.RangeAssignor, class org.apache.kafka.clients.consumer.CooperativeStickyAssignor]
	receive.buffer.bytes = 65536
	reconnect.backoff.max.ms = 1000
	reconnect.backoff.ms = 50
	request.timeout.ms = 30000
	retry.backoff.max.ms = 1000
	retry.backoff.ms = 100
	sasl.client.callback.handler.class = null
	sasl.jaas.config = null
	sasl.kerberos.kinit.cmd = /usr/bin/kinit
	sasl.kerberos.min.time.before.relogin = 60000
	sasl.kerberos.service.name = null
	sasl.kerberos.ticket.renew.jitter = 0.05
	sasl.kerberos.ticket.renew.window.factor = 0.8
	sasl.login.callback.handler.class = null
	sasl.login.class = null
	sasl.login.connect.timeout.ms = null
	sasl.login.read.timeout.ms = null
	sasl.login.refresh.buffer.seconds = 300
	sasl.login.refresh.min.period.seconds = 60
	sasl.login.refresh.window.factor = 0.8
	sasl.login.refresh.window.jitter = 0.05
	sasl.login.retry.backoff.max.ms = 10000
	sasl.login.retry.backoff.ms = 100
	sasl.mechanism = GSSAPI
	sasl.oauthbearer.clock.skew.seconds = 30
	sasl.oauthbearer.expected.audience = null
	sasl.oauthbearer.expected.issuer = null
	sasl.oauthbearer.jwks.endpoint.refresh.ms = 3600000
	sasl.oauthbearer.jwks.endpoint.retry.backoff.max.ms = 10000
	sasl.oauthbearer.jwks.endpoint.retry.backoff.ms = 100
	sasl.oauthbearer.jwks.endpoint.url = null
	sasl.oauthbearer.scope.claim.name = scope
	sasl.oauthbearer.sub.claim.name = sub
	sasl.oauthbearer.token.endpoint.url = null
	security.protocol = PLAINTEXT
	security.providers = null
	send.buffer.bytes = 131072
	session.timeout.ms = 45000
	socket.connection.setup.timeout.max.ms = 30000
	socket.connection.setup.timeout.ms = 10000
	ssl.cipher.suites = null
	ssl.enabled.protocols = [TLSv1.2, TLSv1.3]
	ssl.endpoint.identification.algorithm = https
	ssl.engine.factory.class = null
	ssl.key.password = null
	ssl.keymanager.algorithm = SunX509
	ssl.keystore.certificate.chain = null
	ssl.keystore.key = null
	ssl.keystore.location = null
	ssl.keystore.password = null
	ssl.keystore.type = JKS
	ssl.protocol = TLSv1.3
	ssl.provider = null
	ssl.secure.random.implementation = null
	ssl.trustmanager.algorithm = PKIX
	ssl.truststore.certificates = null
	ssl.truststore.location = null
	ssl.truststore.password = null
	ssl.truststore.type = JKS
	value.deserializer = class org.springframework.kafka.support.serializer.ErrorHandlingDeserializer

[2025-04-20 23:18:06] [INFO] [main] o.a.k.c.t.i.KafkaMetricsCollector - initializing Kafka metrics collector
[2025-04-20 23:18:07] [INFO] [main] o.a.k.c.consumer.ConsumerConfig - These configurations '[spring.deserializer.key.delegate.class]' were supplied but are not used yet.
[2025-04-20 23:18:07] [INFO] [main] o.a.kafka.common.utils.AppInfoParser - Kafka version: 3.7.1
[2025-04-20 23:18:07] [INFO] [main] o.a.kafka.common.utils.AppInfoParser - Kafka commitId: e2494e6ffb89f828
[2025-04-20 23:18:07] [INFO] [main] o.a.kafka.common.utils.AppInfoParser - Kafka startTimeMs: 1745180287084
[2025-04-20 23:18:07] [INFO] [main] o.a.k.c.c.i.LegacyKafkaConsumer - [Consumer clientId=consumer-task-status-error-listener-1, groupId=task-status-error-listener] Subscribed to topic(s): spring_homework_task_change_status_error
[2025-04-20 23:18:07] [INFO] [main] o.a.k.c.consumer.ConsumerConfig - ConsumerConfig values: 
	allow.auto.create.topics = true
	auto.commit.interval.ms = 5000
	auto.include.jmx.reporter = true
	auto.offset.reset = earliest
	bootstrap.servers = [192.168.59.103:9092]
	check.crcs = true
	client.dns.lookup = use_all_dns_ips
	client.id = consumer-spring-homework-task-status-2
	client.rack = 
	connections.max.idle.ms = 540000
	default.api.timeout.ms = 60000
	enable.auto.commit = false
	enable.metrics.push = true
	exclude.internal.topics = true
	fetch.max.bytes = 52428800
	fetch.max.wait.ms = 500
	fetch.min.bytes = 1
	group.id = spring-homework-task-status
	group.instance.id = null
	group.protocol = classic
	group.remote.assignor = null
	heartbeat.interval.ms = 3000
	interceptor.classes = []
	internal.leave.group.on.close = true
	internal.throw.on.fetch.stable.offset.unsupported = false
	isolation.level = read_uncommitted
	key.deserializer = class org.apache.kafka.common.serialization.StringDeserializer
	max.partition.fetch.bytes = 1048576
	max.poll.interval.ms = 300000
	max.poll.records = 10
	metadata.max.age.ms = 300000
	metric.reporters = []
	metrics.num.samples = 2
	metrics.recording.level = INFO
	metrics.sample.window.ms = 30000
	partition.assignment.strategy = [class org.apache.kafka.clients.consumer.RangeAssignor, class org.apache.kafka.clients.consumer.CooperativeStickyAssignor]
	receive.buffer.bytes = 65536
	reconnect.backoff.max.ms = 1000
	reconnect.backoff.ms = 50
	request.timeout.ms = 30000
	retry.backoff.max.ms = 1000
	retry.backoff.ms = 100
	sasl.client.callback.handler.class = null
	sasl.jaas.config = null
	sasl.kerberos.kinit.cmd = /usr/bin/kinit
	sasl.kerberos.min.time.before.relogin = 60000
	sasl.kerberos.service.name = null
	sasl.kerberos.ticket.renew.jitter = 0.05
	sasl.kerberos.ticket.renew.window.factor = 0.8
	sasl.login.callback.handler.class = null
	sasl.login.class = null
	sasl.login.connect.timeout.ms = null
	sasl.login.read.timeout.ms = null
	sasl.login.refresh.buffer.seconds = 300
	sasl.login.refresh.min.period.seconds = 60
	sasl.login.refresh.window.factor = 0.8
	sasl.login.refresh.window.jitter = 0.05
	sasl.login.retry.backoff.max.ms = 10000
	sasl.login.retry.backoff.ms = 100
	sasl.mechanism = GSSAPI
	sasl.oauthbearer.clock.skew.seconds = 30
	sasl.oauthbearer.expected.audience = null
	sasl.oauthbearer.expected.issuer = null
	sasl.oauthbearer.jwks.endpoint.refresh.ms = 3600000
	sasl.oauthbearer.jwks.endpoint.retry.backoff.max.ms = 10000
	sasl.oauthbearer.jwks.endpoint.retry.backoff.ms = 100
	sasl.oauthbearer.jwks.endpoint.url = null
	sasl.oauthbearer.scope.claim.name = scope
	sasl.oauthbearer.sub.claim.name = sub
	sasl.oauthbearer.token.endpoint.url = null
	security.protocol = PLAINTEXT
	security.providers = null
	send.buffer.bytes = 131072
	session.timeout.ms = 45000
	socket.connection.setup.timeout.max.ms = 30000
	socket.connection.setup.timeout.ms = 10000
	ssl.cipher.suites = null
	ssl.enabled.protocols = [TLSv1.2, TLSv1.3]
	ssl.endpoint.identification.algorithm = https
	ssl.engine.factory.class = null
	ssl.key.password = null
	ssl.keymanager.algorithm = SunX509
	ssl.keystore.certificate.chain = null
	ssl.keystore.key = null
	ssl.keystore.location = null
	ssl.keystore.password = null
	ssl.keystore.type = JKS
	ssl.protocol = TLSv1.3
	ssl.provider = null
	ssl.secure.random.implementation = null
	ssl.trustmanager.algorithm = PKIX
	ssl.truststore.certificates = null
	ssl.truststore.location = null
	ssl.truststore.password = null
	ssl.truststore.type = JKS
	value.deserializer = class org.springframework.kafka.support.serializer.ErrorHandlingDeserializer

[2025-04-20 23:18:07] [INFO] [main] o.a.k.c.t.i.KafkaMetricsCollector - initializing Kafka metrics collector
[2025-04-20 23:18:07] [INFO] [main] o.a.k.c.consumer.ConsumerConfig - These configurations '[spring.deserializer.key.delegate.class]' were supplied but are not used yet.
[2025-04-20 23:18:07] [INFO] [main] o.a.kafka.common.utils.AppInfoParser - Kafka version: 3.7.1
[2025-04-20 23:18:07] [INFO] [main] o.a.kafka.common.utils.AppInfoParser - Kafka commitId: e2494e6ffb89f828
[2025-04-20 23:18:07] [INFO] [main] o.a.kafka.common.utils.AppInfoParser - Kafka startTimeMs: 1745180287116
[2025-04-20 23:18:07] [INFO] [main] o.a.k.c.c.i.LegacyKafkaConsumer - [Consumer clientId=consumer-spring-homework-task-status-2, groupId=spring-homework-task-status] Subscribed to topic(s): spring_homework_task_change_status
[2025-04-20 23:18:07] [INFO] [main] o.m.s.SpringHomeworkAopApplication - Started SpringHomeworkAopApplication in 4.869 seconds (process running for 5.597)
[2025-04-20 23:18:07] [WARN] [task-status-error-listener-0-C-1] o.apache.kafka.clients.NetworkClient - [Consumer clientId=consumer-task-status-error-listener-1, groupId=task-status-error-listener] Error while fetching metadata with correlation id 2 : {spring_homework_task_change_status_error=LEADER_NOT_AVAILABLE}
[2025-04-20 23:18:07] [WARN] [spring-homework-task-status-0-C-1] o.apache.kafka.clients.NetworkClient - [Consumer clientId=consumer-spring-homework-task-status-2, groupId=spring-homework-task-status] Error while fetching metadata with correlation id 2 : {spring_homework_task_change_status=LEADER_NOT_AVAILABLE}
[2025-04-20 23:18:07] [INFO] [spring-homework-task-status-0-C-1] org.apache.kafka.clients.Metadata - [Consumer clientId=consumer-spring-homework-task-status-2, groupId=spring-homework-task-status] Cluster ID: 1yUXoikMTKasyHWRRfEgZQ
[2025-04-20 23:18:07] [INFO] [task-status-error-listener-0-C-1] org.apache.kafka.clients.Metadata - [Consumer clientId=consumer-task-status-error-listener-1, groupId=task-status-error-listener] Cluster ID: 1yUXoikMTKasyHWRRfEgZQ
[2025-04-20 23:18:07] [WARN] [spring-homework-task-status-0-C-1] o.apache.kafka.clients.NetworkClient - [Consumer clientId=consumer-spring-homework-task-status-2, groupId=spring-homework-task-status] Error while fetching metadata with correlation id 5 : {spring_homework_task_change_status=LEADER_NOT_AVAILABLE}
[2025-04-20 23:18:07] [WARN] [task-status-error-listener-0-C-1] o.apache.kafka.clients.NetworkClient - [Consumer clientId=consumer-task-status-error-listener-1, groupId=task-status-error-listener] Error while fetching metadata with correlation id 5 : {spring_homework_task_change_status_error=LEADER_NOT_AVAILABLE}
[2025-04-20 23:18:08] [WARN] [spring-homework-task-status-0-C-1] o.apache.kafka.clients.NetworkClient - [Consumer clientId=consumer-spring-homework-task-status-2, groupId=spring-homework-task-status] Error while fetching metadata with correlation id 7 : {spring_homework_task_change_status=LEADER_NOT_AVAILABLE}
[2025-04-20 23:18:08] [WARN] [task-status-error-listener-0-C-1] o.apache.kafka.clients.NetworkClient - [Consumer clientId=consumer-task-status-error-listener-1, groupId=task-status-error-listener] Error while fetching metadata with correlation id 7 : {spring_homework_task_change_status_error=LEADER_NOT_AVAILABLE}
[2025-04-20 23:18:08] [WARN] [spring-homework-task-status-0-C-1] o.apache.kafka.clients.NetworkClient - [Consumer clientId=consumer-spring-homework-task-status-2, groupId=spring-homework-task-status] Error while fetching metadata with correlation id 9 : {spring_homework_task_change_status=LEADER_NOT_AVAILABLE}
[2025-04-20 23:18:08] [WARN] [task-status-error-listener-0-C-1] o.apache.kafka.clients.NetworkClient - [Consumer clientId=consumer-task-status-error-listener-1, groupId=task-status-error-listener] Error while fetching metadata with correlation id 9 : {spring_homework_task_change_status_error=LEADER_NOT_AVAILABLE}
[2025-04-20 23:18:11] [INFO] [http-nio-8080-exec-1] o.a.c.c.C.[Tomcat].[localhost].[/] - Initializing Spring DispatcherServlet 'dispatcherServlet'
[2025-04-20 23:18:11] [INFO] [http-nio-8080-exec-1] o.s.web.servlet.DispatcherServlet - Initializing Servlet 'dispatcherServlet'
[2025-04-20 23:18:11] [INFO] [http-nio-8080-exec-1] o.s.web.servlet.DispatcherServlet - Completed initialization in 1 ms
[2025-04-20 23:18:11] [INFO] [spring-homework-task-status-0-C-1] o.a.k.c.c.i.ConsumerCoordinator - [Consumer clientId=consumer-spring-homework-task-status-2, groupId=spring-homework-task-status] Discovered group coordinator 192.168.59.103:9092 (id: 2147483646 rack: null)
[2025-04-20 23:18:11] [INFO] [spring-homework-task-status-0-C-1] o.a.k.c.c.i.ConsumerCoordinator - [Consumer clientId=consumer-spring-homework-task-status-2, groupId=spring-homework-task-status] (Re-)joining group
[2025-04-20 23:18:11] [INFO] [spring-homework-task-status-0-C-1] o.a.k.c.c.i.ConsumerCoordinator - [Consumer clientId=consumer-spring-homework-task-status-2, groupId=spring-homework-task-status] Request joining group due to: need to re-join with the given member-id: consumer-spring-homework-task-status-2-d0d2232a-7f08-4e31-8821-b9b46f3be40e
[2025-04-20 23:18:11] [INFO] [spring-homework-task-status-0-C-1] o.a.k.c.c.i.ConsumerCoordinator - [Consumer clientId=consumer-spring-homework-task-status-2, groupId=spring-homework-task-status] (Re-)joining group
[2025-04-20 23:18:11] [INFO] [task-status-error-listener-0-C-1] o.a.k.c.c.i.ConsumerCoordinator - [Consumer clientId=consumer-task-status-error-listener-1, groupId=task-status-error-listener] Discovered group coordinator 192.168.59.103:9092 (id: 2147483646 rack: null)
[2025-04-20 23:18:11] [INFO] [task-status-error-listener-0-C-1] o.a.k.c.c.i.ConsumerCoordinator - [Consumer clientId=consumer-task-status-error-listener-1, groupId=task-status-error-listener] (Re-)joining group
[2025-04-20 23:18:11] [INFO] [task-status-error-listener-0-C-1] o.a.k.c.c.i.ConsumerCoordinator - [Consumer clientId=consumer-task-status-error-listener-1, groupId=task-status-error-listener] Request joining group due to: need to re-join with the given member-id: consumer-task-status-error-listener-1-9e421d69-de4d-47b8-93c3-c2d456356376
[2025-04-20 23:18:11] [INFO] [task-status-error-listener-0-C-1] o.a.k.c.c.i.ConsumerCoordinator - [Consumer clientId=consumer-task-status-error-listener-1, groupId=task-status-error-listener] (Re-)joining group
[2025-04-20 23:18:11] [ERROR] [http-nio-8080-exec-1] o.a.c.c.C.[.[.[.[dispatcherServlet] - Servlet.service() for servlet [dispatcherServlet] in context with path [] threw exception [Request processing failed: jakarta.validation.ConstraintViolationException: Validation failed for classes [org.mik.springhomeworkaop.task.model.entity.Task] during persist time for groups [jakarta.validation.groups.Default, ]
List of constraint violations:[
	ConstraintViolationImpl{interpolatedMessage='не должно равняться null', propertyPath=idUser, rootBeanClass=class org.mik.springhomeworkaop.task.model.entity.Task, messageTemplate='{jakarta.validation.constraints.NotNull.message}'}
]] with root cause
jakarta.validation.ConstraintViolationException: Validation failed for classes [org.mik.springhomeworkaop.task.model.entity.Task] during persist time for groups [jakarta.validation.groups.Default, ]
List of constraint violations:[
	ConstraintViolationImpl{interpolatedMessage='не должно равняться null', propertyPath=idUser, rootBeanClass=class org.mik.springhomeworkaop.task.model.entity.Task, messageTemplate='{jakarta.validation.constraints.NotNull.message}'}
]
	at org.hibernate.boot.beanvalidation.BeanValidationEventListener.validate(BeanValidationEventListener.java:176)
	at org.hibernate.boot.beanvalidation.BeanValidationEventListener.onPreInsert(BeanValidationEventListener.java:88)
	at org.hibernate.action.internal.EntityIdentityInsertAction.preInsert(EntityIdentityInsertAction.java:201)
	at org.hibernate.action.internal.EntityIdentityInsertAction.execute(EntityIdentityInsertAction.java:79)
	at org.hibernate.engine.spi.ActionQueue.execute(ActionQueue.java:682)
	at org.hibernate.engine.spi.ActionQueue.addResolvedEntityInsertAction(ActionQueue.java:293)
	at org.hibernate.engine.spi.ActionQueue.addInsertAction(ActionQueue.java:274)
	at org.hibernate.engine.spi.ActionQueue.addAction(ActionQueue.java:324)
	at org.hibernate.event.internal.AbstractSaveEventListener.addInsertAction(AbstractSaveEventListener.java:393)
	at org.hibernate.event.internal.AbstractSaveEventListener.performSaveOrReplicate(AbstractSaveEventListener.java:307)
	at org.hibernate.event.internal.AbstractSaveEventListener.performSave(AbstractSaveEventListener.java:223)
	at org.hibernate.event.internal.AbstractSaveEventListener.saveWithGeneratedId(AbstractSaveEventListener.java:136)
	at org.hibernate.event.internal.DefaultPersistEventListener.entityIsTransient(DefaultPersistEventListener.java:177)
	at org.hibernate.event.internal.DefaultPersistEventListener.persist(DefaultPersistEventListener.java:95)
	at org.hibernate.event.internal.DefaultPersistEventListener.onPersist(DefaultPersistEventListener.java:79)
	at org.hibernate.event.internal.DefaultPersistEventListener.onPersist(DefaultPersistEventListener.java:55)
	at org.hibernate.event.service.internal.EventListenerGroupImpl.fireEventOnEachListener(EventListenerGroupImpl.java:127)
	at org.hibernate.internal.SessionImpl.firePersist(SessionImpl.java:761)
	at org.hibernate.internal.SessionImpl.persist(SessionImpl.java:745)
	at java.base/jdk.internal.reflect.NativeMethodAccessorImpl.invoke0(Native Method)
	at java.base/jdk.internal.reflect.NativeMethodAccessorImpl.invoke(NativeMethodAccessorImpl.java:77)
	at java.base/jdk.internal.reflect.DelegatingMethodAccessorImpl.invoke(DelegatingMethodAccessorImpl.java:43)
	at java.base/java.lang.reflect.Method.invoke(Method.java:568)
	at org.springframework.orm.jpa.ExtendedEntityManagerCreator$ExtendedEntityManagerInvocationHandler.invoke(ExtendedEntityManagerCreator.java:364)
	at jdk.proxy2/jdk.proxy2.$Proxy132.persist(Unknown Source)
	at java.base/jdk.internal.reflect.NativeMethodAccessorImpl.invoke0(Native Method)
	at java.base/jdk.internal.reflect.NativeMethodAccessorImpl.invoke(NativeMethodAccessorImpl.java:77)
	at java.base/jdk.internal.reflect.DelegatingMethodAccessorImpl.invoke(DelegatingMethodAccessorImpl.java:43)
	at java.base/java.lang.reflect.Method.invoke(Method.java:568)
	at org.springframework.orm.jpa.SharedEntityManagerCreator$SharedEntityManagerInvocationHandler.invoke(SharedEntityManagerCreator.java:320)
	at jdk.proxy2/jdk.proxy2.$Proxy132.persist(Unknown Source)
	at org.springframework.data.jpa.repository.support.SimpleJpaRepository.save(SimpleJpaRepository.java:636)
	at org.springframework.data.jpa.repository.support.SimpleJpaRepository.saveAndFlush(SimpleJpaRepository.java:647)
	at java.base/jdk.internal.reflect.NativeMethodAccessorImpl.invoke0(Native Method)
	at java.base/jdk.internal.reflect.NativeMethodAccessorImpl.invoke(NativeMethodAccessorImpl.java:77)
	at java.base/jdk.internal.reflect.DelegatingMethodAccessorImpl.invoke(DelegatingMethodAccessorImpl.java:43)
	at java.base/java.lang.reflect.Method.invoke(Method.java:568)
	at org.springframework.aop.support.AopUtils.invokeJoinpointUsingReflection(AopUtils.java:359)
	at org.springframework.data.repository.core.support.RepositoryMethodInvoker$RepositoryFragmentMethodInvoker.lambda$new$0(RepositoryMethodInvoker.java:277)
	at org.springframework.data.repository.core.support.RepositoryMethodInvoker.doInvoke(RepositoryMethodInvoker.java:170)
	at org.springframework.data.repository.core.support.RepositoryMethodInvoker.invoke(RepositoryMethodInvoker.java:158)
	at org.springframework.data.repository.core.support.RepositoryComposition$RepositoryFragments.invoke(RepositoryComposition.java:515)
	at org.springframework.data.repository.core.support.RepositoryComposition.invoke(RepositoryComposition.java:284)
	at org.springframework.data.repository.core.support.RepositoryFactorySupport$ImplementationMethodExecutionInterceptor.invoke(RepositoryFactorySupport.java:731)
	at org.springframework.aop.framework.ReflectiveMethodInvocation.proceed(ReflectiveMethodInvocation.java:184)
	at org.springframework.data.repository.core.support.QueryExecutorMethodInterceptor.doInvoke(QueryExecutorMethodInterceptor.java:174)
	at org.springframework.data.repository.core.support.QueryExecutorMethodInterceptor.invoke(QueryExecutorMethodInterceptor.java:149)
	at org.springframework.aop.framework.ReflectiveMethodInvocation.proceed(ReflectiveMethodInvocation.java:184)
	at org.springframework.data.projection.DefaultMethodInvokingMethodInterceptor.invoke(DefaultMethodInvokingMethodInterceptor.java:69)
	at org.springframework.aop.framework.ReflectiveMethodInvocation.proceed(ReflectiveMethodInvocation.java:184)
	at org.springframework.transaction.interceptor.TransactionAspectSupport.invokeWithinTransaction(TransactionAspectSupport.java:380)
	at org.springframework.transaction.interceptor.TransactionInterceptor.invoke(TransactionInterceptor.java:119)
	at org.springframework.aop.framework.ReflectiveMethodInvocation.proceed(ReflectiveMethodInvocation.java:184)
	at org.springframework.dao.support.PersistenceExceptionTranslationInterceptor.invoke(PersistenceExceptionTranslationInterceptor.java:138)
	at org.springframework.aop.framework.ReflectiveMethodInvocation.proceed(ReflectiveMethodInvocation.java:184)
	at org.springframework.data.jpa.repository.support.CrudMethodMetadataPostProcessor$CrudMethodMetadataPopulatingMethodInterceptor.invoke(CrudMethodMetadataPostProcessor.java:165)
	at org.springframework.aop.framework.ReflectiveMethodInvocation.proceed(ReflectiveMethodInvocation.java:184)
	at org.springframework.aop.framework.JdkDynamicAopProxy.invoke(JdkDynamicAopProxy.java:223)
	at jdk.proxy2/jdk.proxy2.$Proxy135.saveAndFlush(Unknown Source)
	at org.mik.springhomeworkaop.task.service.TaskService.createTask(TaskService.java:102)
	at java.base/jdk.internal.reflect.NativeMethodAccessorImpl.invoke0(Native Method)
	at java.base/jdk.internal.reflect.NativeMethodAccessorImpl.invoke(NativeMethodAccessorImpl.java:77)
	at java.base/jdk.internal.reflect.DelegatingMethodAccessorImpl.invoke(DelegatingMethodAccessorImpl.java:43)
	at java.base/java.lang.reflect.Method.invoke(Method.java:568)
	at org.springframework.aop.support.AopUtils.invokeJoinpointUsingReflection(AopUtils.java:359)
	at org.springframework.aop.framework.ReflectiveMethodInvocation.invokeJoinpoint(ReflectiveMethodInvocation.java:196)
	at org.springframework.aop.framework.ReflectiveMethodInvocation.proceed(ReflectiveMethodInvocation.java:163)
	at org.springframework.aop.aspectj.AspectJAfterThrowingAdvice.invoke(AspectJAfterThrowingAdvice.java:64)
	at org.springframework.aop.framework.ReflectiveMethodInvocation.proceed(ReflectiveMethodInvocation.java:173)
	at org.springframework.aop.interceptor.ExposeInvocationInterceptor.invoke(ExposeInvocationInterceptor.java:97)
	at org.springframework.aop.framework.ReflectiveMethodInvocation.proceed(ReflectiveMethodInvocation.java:184)
	at org.springframework.aop.framework.CglibAopProxy$DynamicAdvisedInterceptor.intercept(CglibAopProxy.java:727)
	at org.mik.springhomeworkaop.task.service.TaskService$$SpringCGLIB$$0.createTask(<generated>)
	at org.mik.springhomeworkaop.task.controller.TaskController.createTask(TaskController.java:49)
	at java.base/jdk.internal.reflect.NativeMethodAccessorImpl.invoke0(Native Method)
	at java.base/jdk.internal.reflect.NativeMethodAccessorImpl.invoke(NativeMethodAccessorImpl.java:77)
	at java.base/jdk.internal.reflect.DelegatingMethodAccessorImpl.invoke(DelegatingMethodAccessorImpl.java:43)
	at java.base/java.lang.reflect.Method.invoke(Method.java:568)
	at org.springframework.web.method.support.InvocableHandlerMethod.doInvoke(InvocableHandlerMethod.java:258)
	at org.springframework.web.method.support.InvocableHandlerMethod.invokeForRequest(InvocableHandlerMethod.java:191)
	at org.springframework.web.servlet.mvc.method.annotation.ServletInvocableHandlerMethod.invokeAndHandle(ServletInvocableHandlerMethod.java:118)
	at org.springframework.web.servlet.mvc.method.annotation.RequestMappingHandlerAdapter.invokeHandlerMethod(RequestMappingHandlerAdapter.java:986)
	at org.springframework.web.servlet.mvc.method.annotation.RequestMappingHandlerAdapter.handleInternal(RequestMappingHandlerAdapter.java:891)
	at org.springframework.web.servlet.mvc.method.AbstractHandlerMethodAdapter.handle(AbstractHandlerMethodAdapter.java:87)
	at org.springframework.web.servlet.DispatcherServlet.doDispatch(DispatcherServlet.java:1089)
	at org.springframework.web.servlet.DispatcherServlet.doService(DispatcherServlet.java:979)
	at org.springframework.web.servlet.FrameworkServlet.processRequest(FrameworkServlet.java:1014)
	at org.springframework.web.servlet.FrameworkServlet.doPost(FrameworkServlet.java:914)
	at jakarta.servlet.http.HttpServlet.service(HttpServlet.java:590)
	at org.springframework.web.servlet.FrameworkServlet.service(FrameworkServlet.java:885)
	at jakarta.servlet.http.HttpServlet.service(HttpServlet.java:658)
	at org.apache.catalina.core.ApplicationFilterChain.internalDoFilter(ApplicationFilterChain.java:195)
	at org.apache.catalina.core.ApplicationFilterChain.doFilter(ApplicationFilterChain.java:140)
	at org.apache.tomcat.websocket.server.WsFilter.doFilter(WsFilter.java:51)
	at org.apache.catalina.core.ApplicationFilterChain.internalDoFilter(ApplicationFilterChain.java:164)
	at org.apache.catalina.core.ApplicationFilterChain.doFilter(ApplicationFilterChain.java:140)
	at org.springframework.web.filter.RequestContextFilter.doFilterInternal(RequestContextFilter.java:100)
	at org.springframework.web.filter.OncePerRequestFilter.doFilter(OncePerRequestFilter.java:116)
	at org.apache.catalina.core.ApplicationFilterChain.internalDoFilter(ApplicationFilterChain.java:164)
	at org.apache.catalina.core.ApplicationFilterChain.doFilter(ApplicationFilterChain.java:140)
	at org.springframework.web.filter.FormContentFilter.doFilterInternal(FormContentFilter.java:93)
	at org.springframework.web.filter.OncePerRequestFilter.doFilter(OncePerRequestFilter.java:116)
	at org.apache.catalina.core.ApplicationFilterChain.internalDoFilter(ApplicationFilterChain.java:164)
	at org.apache.catalina.core.ApplicationFilterChain.doFilter(ApplicationFilterChain.java:140)
	at org.springframework.web.filter.CharacterEncodingFilter.doFilterInternal(CharacterEncodingFilter.java:201)
	at org.springframework.web.filter.OncePerRequestFilter.doFilter(OncePerRequestFilter.java:116)
	at org.apache.catalina.core.ApplicationFilterChain.internalDoFilter(ApplicationFilterChain.java:164)
	at org.apache.catalina.core.ApplicationFilterChain.doFilter(ApplicationFilterChain.java:140)
	at org.apache.catalina.core.StandardWrapperValve.invoke(StandardWrapperValve.java:167)
	at org.apache.catalina.core.StandardContextValve.invoke(StandardContextValve.java:90)
	at org.apache.catalina.authenticator.AuthenticatorBase.invoke(AuthenticatorBase.java:483)
	at org.apache.catalina.core.StandardHostValve.invoke(StandardHostValve.java:115)
	at org.apache.catalina.valves.ErrorReportValve.invoke(ErrorReportValve.java:93)
	at org.apache.catalina.core.StandardEngineValve.invoke(StandardEngineValve.java:74)
	at org.apache.catalina.connector.CoyoteAdapter.service(CoyoteAdapter.java:344)
	at org.apache.coyote.http11.Http11Processor.service(Http11Processor.java:397)
	at org.apache.coyote.AbstractProcessorLight.process(AbstractProcessorLight.java:63)
	at org.apache.coyote.AbstractProtocol$ConnectionHandler.process(AbstractProtocol.java:905)
	at org.apache.tomcat.util.net.NioEndpoint$SocketProcessor.doRun(NioEndpoint.java:1743)
	at org.apache.tomcat.util.net.SocketProcessorBase.run(SocketProcessorBase.java:52)
	at org.apache.tomcat.util.threads.ThreadPoolExecutor.runWorker(ThreadPoolExecutor.java:1190)
	at org.apache.tomcat.util.threads.ThreadPoolExecutor$Worker.run(ThreadPoolExecutor.java:659)
	at org.apache.tomcat.util.threads.TaskThread$WrappingRunnable.run(TaskThread.java:63)
	at java.base/java.lang.Thread.run(Thread.java:833)
[2025-04-20 23:18:11] [INFO] [spring-homework-task-status-0-C-1] o.a.k.c.c.i.ConsumerCoordinator - [Consumer clientId=consumer-spring-homework-task-status-2, groupId=spring-homework-task-status] Successfully joined group with generation Generation{generationId=1, memberId='consumer-spring-homework-task-status-2-d0d2232a-7f08-4e31-8821-b9b46f3be40e', protocol='range'}
[2025-04-20 23:18:11] [INFO] [spring-homework-task-status-0-C-1] o.a.k.c.c.i.ConsumerCoordinator - [Consumer clientId=consumer-spring-homework-task-status-2, groupId=spring-homework-task-status] Finished assignment for group at generation 1: {consumer-spring-homework-task-status-2-d0d2232a-7f08-4e31-8821-b9b46f3be40e=Assignment(partitions=[spring_homework_task_change_status-0])}
[2025-04-20 23:18:11] [INFO] [task-status-error-listener-0-C-1] o.a.k.c.c.i.ConsumerCoordinator - [Consumer clientId=consumer-task-status-error-listener-1, groupId=task-status-error-listener] Successfully joined group with generation Generation{generationId=1, memberId='consumer-task-status-error-listener-1-9e421d69-de4d-47b8-93c3-c2d456356376', protocol='range'}
[2025-04-20 23:18:11] [INFO] [task-status-error-listener-0-C-1] o.a.k.c.c.i.ConsumerCoordinator - [Consumer clientId=consumer-task-status-error-listener-1, groupId=task-status-error-listener] Finished assignment for group at generation 1: {consumer-task-status-error-listener-1-9e421d69-de4d-47b8-93c3-c2d456356376=Assignment(partitions=[spring_homework_task_change_status_error-0])}
[2025-04-20 23:18:11] [INFO] [spring-homework-task-status-0-C-1] o.a.k.c.c.i.ConsumerCoordinator - [Consumer clientId=consumer-spring-homework-task-status-2, groupId=spring-homework-task-status] Successfully synced group in generation Generation{generationId=1, memberId='consumer-spring-homework-task-status-2-d0d2232a-7f08-4e31-8821-b9b46f3be40e', protocol='range'}
[2025-04-20 23:18:11] [INFO] [spring-homework-task-status-0-C-1] o.a.k.c.c.i.ConsumerCoordinator - [Consumer clientId=consumer-spring-homework-task-status-2, groupId=spring-homework-task-status] Notifying assignor about the new Assignment(partitions=[spring_homework_task_change_status-0])
[2025-04-20 23:18:11] [INFO] [spring-homework-task-status-0-C-1] o.a.k.c.c.i.ConsumerRebalanceListenerInvoker - [Consumer clientId=consumer-spring-homework-task-status-2, groupId=spring-homework-task-status] Adding newly assigned partitions: spring_homework_task_change_status-0
[2025-04-20 23:18:11] [INFO] [task-status-error-listener-0-C-1] o.a.k.c.c.i.ConsumerCoordinator - [Consumer clientId=consumer-task-status-error-listener-1, groupId=task-status-error-listener] Successfully synced group in generation Generation{generationId=1, memberId='consumer-task-status-error-listener-1-9e421d69-de4d-47b8-93c3-c2d456356376', protocol='range'}
[2025-04-20 23:18:11] [INFO] [task-status-error-listener-0-C-1] o.a.k.c.c.i.ConsumerCoordinator - [Consumer clientId=consumer-task-status-error-listener-1, groupId=task-status-error-listener] Notifying assignor about the new Assignment(partitions=[spring_homework_task_change_status_error-0])
[2025-04-20 23:18:11] [INFO] [task-status-error-listener-0-C-1] o.a.k.c.c.i.ConsumerRebalanceListenerInvoker - [Consumer clientId=consumer-task-status-error-listener-1, groupId=task-status-error-listener] Adding newly assigned partitions: spring_homework_task_change_status_error-0
[2025-04-20 23:18:11] [INFO] [task-status-error-listener-0-C-1] o.a.k.c.c.i.ConsumerCoordinator - [Consumer clientId=consumer-task-status-error-listener-1, groupId=task-status-error-listener] Found no committed offset for partition spring_homework_task_change_status_error-0
[2025-04-20 23:18:11] [INFO] [spring-homework-task-status-0-C-1] o.a.k.c.c.i.ConsumerCoordinator - [Consumer clientId=consumer-spring-homework-task-status-2, groupId=spring-homework-task-status] Found no committed offset for partition spring_homework_task_change_status-0
[2025-04-20 23:18:11] [INFO] [spring-homework-task-status-0-C-1] o.a.k.c.c.i.SubscriptionState - [Consumer clientId=consumer-spring-homework-task-status-2, groupId=spring-homework-task-status] Resetting offset for partition spring_homework_task_change_status-0 to position FetchPosition{offset=0, offsetEpoch=Optional.empty, currentLeader=LeaderAndEpoch{leader=Optional[192.168.59.103:9092 (id: 1 rack: null)], epoch=0}}.
[2025-04-20 23:18:11] [INFO] [task-status-error-listener-0-C-1] o.a.k.c.c.i.SubscriptionState - [Consumer clientId=consumer-task-status-error-listener-1, groupId=task-status-error-listener] Resetting offset for partition spring_homework_task_change_status_error-0 to position FetchPosition{offset=0, offsetEpoch=Optional.empty, currentLeader=LeaderAndEpoch{leader=Optional[192.168.59.103:9092 (id: 1 rack: null)], epoch=0}}.
[2025-04-20 23:18:11] [INFO] [task-status-error-listener-0-C-1] o.s.k.l.KafkaMessageListenerContainer - task-status-error-listener: partitions assigned: [spring_homework_task_change_status_error-0]
[2025-04-20 23:18:11] [INFO] [spring-homework-task-status-0-C-1] o.s.k.l.KafkaMessageListenerContainer - spring-homework-task-status: partitions assigned: [spring_homework_task_change_status-0]
[2025-04-20 23:18:28] [INFO] [task-status-error-listener-0-C-1] o.a.k.c.c.i.ConsumerRebalanceListenerInvoker - [Consumer clientId=consumer-task-status-error-listener-1, groupId=task-status-error-listener] Revoke previously assigned partitions spring_homework_task_change_status_error-0
[2025-04-20 23:18:28] [INFO] [spring-homework-task-status-0-C-1] o.a.k.c.c.i.ConsumerRebalanceListenerInvoker - [Consumer clientId=consumer-spring-homework-task-status-2, groupId=spring-homework-task-status] Revoke previously assigned partitions spring_homework_task_change_status-0
[2025-04-20 23:18:28] [INFO] [spring-homework-task-status-0-C-1] o.s.k.l.KafkaMessageListenerContainer - spring-homework-task-status: partitions revoked: [spring_homework_task_change_status-0]
[2025-04-20 23:18:28] [INFO] [task-status-error-listener-0-C-1] o.s.k.l.KafkaMessageListenerContainer - task-status-error-listener: partitions revoked: [spring_homework_task_change_status_error-0]
[2025-04-20 23:18:28] [INFO] [spring-homework-task-status-0-C-1] o.a.k.c.c.i.ConsumerCoordinator - [Consumer clientId=consumer-spring-homework-task-status-2, groupId=spring-homework-task-status] Member consumer-spring-homework-task-status-2-d0d2232a-7f08-4e31-8821-b9b46f3be40e sending LeaveGroup request to coordinator 192.168.59.103:9092 (id: 2147483646 rack: null) due to the consumer unsubscribed from all topics
[2025-04-20 23:18:28] [INFO] [task-status-error-listener-0-C-1] o.a.k.c.c.i.ConsumerCoordinator - [Consumer clientId=consumer-task-status-error-listener-1, groupId=task-status-error-listener] Member consumer-task-status-error-listener-1-9e421d69-de4d-47b8-93c3-c2d456356376 sending LeaveGroup request to coordinator 192.168.59.103:9092 (id: 2147483646 rack: null) due to the consumer unsubscribed from all topics
[2025-04-20 23:18:28] [INFO] [task-status-error-listener-0-C-1] o.a.k.c.c.i.ConsumerCoordinator - [Consumer clientId=consumer-task-status-error-listener-1, groupId=task-status-error-listener] Resetting generation and member id due to: consumer pro-actively leaving the group
[2025-04-20 23:18:28] [INFO] [spring-homework-task-status-0-C-1] o.a.k.c.c.i.ConsumerCoordinator - [Consumer clientId=consumer-spring-homework-task-status-2, groupId=spring-homework-task-status] Resetting generation and member id due to: consumer pro-actively leaving the group
[2025-04-20 23:18:28] [INFO] [task-status-error-listener-0-C-1] o.a.k.c.c.i.ConsumerCoordinator - [Consumer clientId=consumer-task-status-error-listener-1, groupId=task-status-error-listener] Request joining group due to: consumer pro-actively leaving the group
[2025-04-20 23:18:28] [INFO] [spring-homework-task-status-0-C-1] o.a.k.c.c.i.ConsumerCoordinator - [Consumer clientId=consumer-spring-homework-task-status-2, groupId=spring-homework-task-status] Request joining group due to: consumer pro-actively leaving the group
[2025-04-20 23:18:28] [INFO] [task-status-error-listener-0-C-1] o.a.k.c.c.i.LegacyKafkaConsumer - [Consumer clientId=consumer-task-status-error-listener-1, groupId=task-status-error-listener] Unsubscribed all topics or patterns and assigned partitions
[2025-04-20 23:18:28] [INFO] [spring-homework-task-status-0-C-1] o.a.k.c.c.i.LegacyKafkaConsumer - [Consumer clientId=consumer-spring-homework-task-status-2, groupId=spring-homework-task-status] Unsubscribed all topics or patterns and assigned partitions
[2025-04-20 23:18:28] [INFO] [task-status-error-listener-0-C-1] o.a.k.c.c.i.ConsumerCoordinator - [Consumer clientId=consumer-task-status-error-listener-1, groupId=task-status-error-listener] Resetting generation and member id due to: consumer pro-actively leaving the group
[2025-04-20 23:18:28] [INFO] [spring-homework-task-status-0-C-1] o.a.k.c.c.i.ConsumerCoordinator - [Consumer clientId=consumer-spring-homework-task-status-2, groupId=spring-homework-task-status] Resetting generation and member id due to: consumer pro-actively leaving the group
[2025-04-20 23:18:28] [INFO] [task-status-error-listener-0-C-1] o.a.k.c.c.i.ConsumerCoordinator - [Consumer clientId=consumer-task-status-error-listener-1, groupId=task-status-error-listener] Request joining group due to: consumer pro-actively leaving the group
[2025-04-20 23:18:28] [INFO] [spring-homework-task-status-0-C-1] o.a.k.c.c.i.ConsumerCoordinator - [Consumer clientId=consumer-spring-homework-task-status-2, groupId=spring-homework-task-status] Request joining group due to: consumer pro-actively leaving the group
[2025-04-20 23:18:33] [INFO] [main] o.m.s.SpringHomeworkAopApplication - Starting SpringHomeworkAopApplication using Java 17 with PID 19352 (D:\JavaRes\HomeworkT1\spring-homework-aop\target\classes started by User in D:\JavaRes\HomeworkT1)
[2025-04-20 23:18:33] [INFO] [main] o.m.s.SpringHomeworkAopApplication - No active profile set, falling back to 1 default profile: "default"
[2025-04-20 23:18:34] [INFO] [main] o.s.d.r.c.RepositoryConfigurationDelegate - Bootstrapping Spring Data JPA repositories in DEFAULT mode.
[2025-04-20 23:18:34] [INFO] [main] o.s.d.r.c.RepositoryConfigurationDelegate - Finished Spring Data repository scanning in 57 ms. Found 1 JPA repository interface.
[2025-04-20 23:18:35] [INFO] [main] o.s.b.w.e.tomcat.TomcatWebServer - Tomcat initialized with port 8080 (http)
[2025-04-20 23:18:35] [INFO] [main] o.a.catalina.core.StandardService - Starting service [Tomcat]
[2025-04-20 23:18:35] [INFO] [main] o.a.catalina.core.StandardEngine - Starting Servlet engine: [Apache Tomcat/10.1.39]
[2025-04-20 23:18:35] [INFO] [main] o.a.c.c.C.[Tomcat].[localhost].[/] - Initializing Spring embedded WebApplicationContext
[2025-04-20 23:18:35] [INFO] [main] o.s.b.w.s.c.ServletWebServerApplicationContext - Root WebApplicationContext: initialization completed in 1489 ms
[2025-04-20 23:18:35] [INFO] [main] com.zaxxer.hikari.HikariDataSource - HikariPool-1 - Starting...
[2025-04-20 23:18:35] [INFO] [main] com.zaxxer.hikari.pool.HikariPool - HikariPool-1 - Added connection org.postgresql.jdbc.PgConnection@1b560eb0
[2025-04-20 23:18:35] [INFO] [main] com.zaxxer.hikari.HikariDataSource - HikariPool-1 - Start completed.
[2025-04-20 23:18:35] [INFO] [main] o.h.jpa.internal.util.LogHelper - HHH000204: Processing PersistenceUnitInfo [name: default]
[2025-04-20 23:18:35] [INFO] [main] org.hibernate.Version - HHH000412: Hibernate ORM core version 6.6.11.Final
[2025-04-20 23:18:35] [INFO] [main] o.h.c.i.RegionFactoryInitiator - HHH000026: Second-level cache disabled
[2025-04-20 23:18:35] [INFO] [main] o.s.o.j.p.SpringPersistenceUnitInfo - No LoadTimeWeaver setup: ignoring JPA class transformer
[2025-04-20 23:18:35] [INFO] [main] o.hibernate.orm.connections.pooling - HHH10001005: Database info:
	Database JDBC URL [Connecting through datasource 'HikariDataSource (HikariPool-1)']
	Database driver: undefined/unknown
	Database version: 16.3
	Autocommit mode: undefined/unknown
	Isolation level: undefined/unknown
	Minimum pool size: undefined/unknown
	Maximum pool size: undefined/unknown
[2025-04-20 23:18:36] [INFO] [main] o.h.e.t.j.p.i.JtaPlatformInitiator - HHH000489: No JTA platform available (set 'hibernate.transaction.jta.platform' to enable JTA platform integration)
[2025-04-20 23:18:36] [INFO] [main] o.s.o.j.LocalContainerEntityManagerFactoryBean - Initialized JPA EntityManagerFactory for persistence unit 'default'
[2025-04-20 23:18:37] [WARN] [main] o.s.b.a.o.j.JpaBaseConfiguration$JpaWebConfiguration - spring.jpa.open-in-view is enabled by default. Therefore, database queries may be performed during view rendering. Explicitly configure spring.jpa.open-in-view to disable this warning
[2025-04-20 23:18:37] [INFO] [main] o.s.b.w.e.tomcat.TomcatWebServer - Tomcat started on port 8080 (http) with context path '/'
[2025-04-20 23:18:37] [INFO] [main] o.a.k.c.consumer.ConsumerConfig - ConsumerConfig values: 
	allow.auto.create.topics = true
	auto.commit.interval.ms = 5000
	auto.include.jmx.reporter = true
	auto.offset.reset = earliest
	bootstrap.servers = [192.168.59.103:9092]
	check.crcs = true
	client.dns.lookup = use_all_dns_ips
	client.id = consumer-task-status-error-listener-1
	client.rack = 
	connections.max.idle.ms = 540000
	default.api.timeout.ms = 60000
	enable.auto.commit = false
	enable.metrics.push = true
	exclude.internal.topics = true
	fetch.max.bytes = 52428800
	fetch.max.wait.ms = 500
	fetch.min.bytes = 1
	group.id = task-status-error-listener
	group.instance.id = null
	group.protocol = classic
	group.remote.assignor = null
	heartbeat.interval.ms = 3000
	interceptor.classes = []
	internal.leave.group.on.close = true
	internal.throw.on.fetch.stable.offset.unsupported = false
	isolation.level = read_uncommitted
	key.deserializer = class org.apache.kafka.common.serialization.StringDeserializer
	max.partition.fetch.bytes = 1048576
	max.poll.interval.ms = 300000
	max.poll.records = 10
	metadata.max.age.ms = 300000
	metric.reporters = []
	metrics.num.samples = 2
	metrics.recording.level = INFO
	metrics.sample.window.ms = 30000
	partition.assignment.strategy = [class org.apache.kafka.clients.consumer.RangeAssignor, class org.apache.kafka.clients.consumer.CooperativeStickyAssignor]
	receive.buffer.bytes = 65536
	reconnect.backoff.max.ms = 1000
	reconnect.backoff.ms = 50
	request.timeout.ms = 30000
	retry.backoff.max.ms = 1000
	retry.backoff.ms = 100
	sasl.client.callback.handler.class = null
	sasl.jaas.config = null
	sasl.kerberos.kinit.cmd = /usr/bin/kinit
	sasl.kerberos.min.time.before.relogin = 60000
	sasl.kerberos.service.name = null
	sasl.kerberos.ticket.renew.jitter = 0.05
	sasl.kerberos.ticket.renew.window.factor = 0.8
	sasl.login.callback.handler.class = null
	sasl.login.class = null
	sasl.login.connect.timeout.ms = null
	sasl.login.read.timeout.ms = null
	sasl.login.refresh.buffer.seconds = 300
	sasl.login.refresh.min.period.seconds = 60
	sasl.login.refresh.window.factor = 0.8
	sasl.login.refresh.window.jitter = 0.05
	sasl.login.retry.backoff.max.ms = 10000
	sasl.login.retry.backoff.ms = 100
	sasl.mechanism = GSSAPI
	sasl.oauthbearer.clock.skew.seconds = 30
	sasl.oauthbearer.expected.audience = null
	sasl.oauthbearer.expected.issuer = null
	sasl.oauthbearer.jwks.endpoint.refresh.ms = 3600000
	sasl.oauthbearer.jwks.endpoint.retry.backoff.max.ms = 10000
	sasl.oauthbearer.jwks.endpoint.retry.backoff.ms = 100
	sasl.oauthbearer.jwks.endpoint.url = null
	sasl.oauthbearer.scope.claim.name = scope
	sasl.oauthbearer.sub.claim.name = sub
	sasl.oauthbearer.token.endpoint.url = null
	security.protocol = PLAINTEXT
	security.providers = null
	send.buffer.bytes = 131072
	session.timeout.ms = 45000
	socket.connection.setup.timeout.max.ms = 30000
	socket.connection.setup.timeout.ms = 10000
	ssl.cipher.suites = null
	ssl.enabled.protocols = [TLSv1.2, TLSv1.3]
	ssl.endpoint.identification.algorithm = https
	ssl.engine.factory.class = null
	ssl.key.password = null
	ssl.keymanager.algorithm = SunX509
	ssl.keystore.certificate.chain = null
	ssl.keystore.key = null
	ssl.keystore.location = null
	ssl.keystore.password = null
	ssl.keystore.type = JKS
	ssl.protocol = TLSv1.3
	ssl.provider = null
	ssl.secure.random.implementation = null
	ssl.trustmanager.algorithm = PKIX
	ssl.truststore.certificates = null
	ssl.truststore.location = null
	ssl.truststore.password = null
	ssl.truststore.type = JKS
	value.deserializer = class org.springframework.kafka.support.serializer.ErrorHandlingDeserializer

[2025-04-20 23:18:37] [INFO] [main] o.a.k.c.t.i.KafkaMetricsCollector - initializing Kafka metrics collector
[2025-04-20 23:18:38] [INFO] [main] o.a.k.c.consumer.ConsumerConfig - These configurations '[spring.deserializer.key.delegate.class]' were supplied but are not used yet.
[2025-04-20 23:18:38] [INFO] [main] o.a.kafka.common.utils.AppInfoParser - Kafka version: 3.7.1
[2025-04-20 23:18:38] [INFO] [main] o.a.kafka.common.utils.AppInfoParser - Kafka commitId: e2494e6ffb89f828
[2025-04-20 23:18:38] [INFO] [main] o.a.kafka.common.utils.AppInfoParser - Kafka startTimeMs: 1745180318011
[2025-04-20 23:18:38] [INFO] [main] o.a.k.c.c.i.LegacyKafkaConsumer - [Consumer clientId=consumer-task-status-error-listener-1, groupId=task-status-error-listener] Subscribed to topic(s): spring_homework_task_change_status_error
[2025-04-20 23:18:38] [INFO] [main] o.a.k.c.consumer.ConsumerConfig - ConsumerConfig values: 
	allow.auto.create.topics = true
	auto.commit.interval.ms = 5000
	auto.include.jmx.reporter = true
	auto.offset.reset = earliest
	bootstrap.servers = [192.168.59.103:9092]
	check.crcs = true
	client.dns.lookup = use_all_dns_ips
	client.id = consumer-spring-homework-task-status-2
	client.rack = 
	connections.max.idle.ms = 540000
	default.api.timeout.ms = 60000
	enable.auto.commit = false
	enable.metrics.push = true
	exclude.internal.topics = true
	fetch.max.bytes = 52428800
	fetch.max.wait.ms = 500
	fetch.min.bytes = 1
	group.id = spring-homework-task-status
	group.instance.id = null
	group.protocol = classic
	group.remote.assignor = null
	heartbeat.interval.ms = 3000
	interceptor.classes = []
	internal.leave.group.on.close = true
	internal.throw.on.fetch.stable.offset.unsupported = false
	isolation.level = read_uncommitted
	key.deserializer = class org.apache.kafka.common.serialization.StringDeserializer
	max.partition.fetch.bytes = 1048576
	max.poll.interval.ms = 300000
	max.poll.records = 10
	metadata.max.age.ms = 300000
	metric.reporters = []
	metrics.num.samples = 2
	metrics.recording.level = INFO
	metrics.sample.window.ms = 30000
	partition.assignment.strategy = [class org.apache.kafka.clients.consumer.RangeAssignor, class org.apache.kafka.clients.consumer.CooperativeStickyAssignor]
	receive.buffer.bytes = 65536
	reconnect.backoff.max.ms = 1000
	reconnect.backoff.ms = 50
	request.timeout.ms = 30000
	retry.backoff.max.ms = 1000
	retry.backoff.ms = 100
	sasl.client.callback.handler.class = null
	sasl.jaas.config = null
	sasl.kerberos.kinit.cmd = /usr/bin/kinit
	sasl.kerberos.min.time.before.relogin = 60000
	sasl.kerberos.service.name = null
	sasl.kerberos.ticket.renew.jitter = 0.05
	sasl.kerberos.ticket.renew.window.factor = 0.8
	sasl.login.callback.handler.class = null
	sasl.login.class = null
	sasl.login.connect.timeout.ms = null
	sasl.login.read.timeout.ms = null
	sasl.login.refresh.buffer.seconds = 300
	sasl.login.refresh.min.period.seconds = 60
	sasl.login.refresh.window.factor = 0.8
	sasl.login.refresh.window.jitter = 0.05
	sasl.login.retry.backoff.max.ms = 10000
	sasl.login.retry.backoff.ms = 100
	sasl.mechanism = GSSAPI
	sasl.oauthbearer.clock.skew.seconds = 30
	sasl.oauthbearer.expected.audience = null
	sasl.oauthbearer.expected.issuer = null
	sasl.oauthbearer.jwks.endpoint.refresh.ms = 3600000
	sasl.oauthbearer.jwks.endpoint.retry.backoff.max.ms = 10000
	sasl.oauthbearer.jwks.endpoint.retry.backoff.ms = 100
	sasl.oauthbearer.jwks.endpoint.url = null
	sasl.oauthbearer.scope.claim.name = scope
	sasl.oauthbearer.sub.claim.name = sub
	sasl.oauthbearer.token.endpoint.url = null
	security.protocol = PLAINTEXT
	security.providers = null
	send.buffer.bytes = 131072
	session.timeout.ms = 45000
	socket.connection.setup.timeout.max.ms = 30000
	socket.connection.setup.timeout.ms = 10000
	ssl.cipher.suites = null
	ssl.enabled.protocols = [TLSv1.2, TLSv1.3]
	ssl.endpoint.identification.algorithm = https
	ssl.engine.factory.class = null
	ssl.key.password = null
	ssl.keymanager.algorithm = SunX509
	ssl.keystore.certificate.chain = null
	ssl.keystore.key = null
	ssl.keystore.location = null
	ssl.keystore.password = null
	ssl.keystore.type = JKS
	ssl.protocol = TLSv1.3
	ssl.provider = null
	ssl.secure.random.implementation = null
	ssl.trustmanager.algorithm = PKIX
	ssl.truststore.certificates = null
	ssl.truststore.location = null
	ssl.truststore.password = null
	ssl.truststore.type = JKS
	value.deserializer = class org.springframework.kafka.support.serializer.ErrorHandlingDeserializer

[2025-04-20 23:18:38] [INFO] [main] o.a.k.c.t.i.KafkaMetricsCollector - initializing Kafka metrics collector
[2025-04-20 23:18:38] [INFO] [main] o.a.k.c.consumer.ConsumerConfig - These configurations '[spring.deserializer.key.delegate.class]' were supplied but are not used yet.
[2025-04-20 23:18:38] [INFO] [main] o.a.kafka.common.utils.AppInfoParser - Kafka version: 3.7.1
[2025-04-20 23:18:38] [INFO] [main] o.a.kafka.common.utils.AppInfoParser - Kafka commitId: e2494e6ffb89f828
[2025-04-20 23:18:38] [INFO] [main] o.a.kafka.common.utils.AppInfoParser - Kafka startTimeMs: 1745180318039
[2025-04-20 23:18:38] [INFO] [main] o.a.k.c.c.i.LegacyKafkaConsumer - [Consumer clientId=consumer-spring-homework-task-status-2, groupId=spring-homework-task-status] Subscribed to topic(s): spring_homework_task_change_status
[2025-04-20 23:18:38] [INFO] [main] o.m.s.SpringHomeworkAopApplication - Started SpringHomeworkAopApplication in 4.971 seconds (process running for 6.005)
[2025-04-20 23:18:38] [INFO] [task-status-error-listener-0-C-1] org.apache.kafka.clients.Metadata - [Consumer clientId=consumer-task-status-error-listener-1, groupId=task-status-error-listener] Cluster ID: 1yUXoikMTKasyHWRRfEgZQ
[2025-04-20 23:18:38] [INFO] [spring-homework-task-status-0-C-1] org.apache.kafka.clients.Metadata - [Consumer clientId=consumer-spring-homework-task-status-2, groupId=spring-homework-task-status] Cluster ID: 1yUXoikMTKasyHWRRfEgZQ
[2025-04-20 23:18:38] [INFO] [spring-homework-task-status-0-C-1] o.a.k.c.c.i.ConsumerCoordinator - [Consumer clientId=consumer-spring-homework-task-status-2, groupId=spring-homework-task-status] Discovered group coordinator 192.168.59.103:9092 (id: 2147483646 rack: null)
[2025-04-20 23:18:38] [INFO] [task-status-error-listener-0-C-1] o.a.k.c.c.i.ConsumerCoordinator - [Consumer clientId=consumer-task-status-error-listener-1, groupId=task-status-error-listener] Discovered group coordinator 192.168.59.103:9092 (id: 2147483646 rack: null)
[2025-04-20 23:18:38] [INFO] [task-status-error-listener-0-C-1] o.a.k.c.c.i.ConsumerCoordinator - [Consumer clientId=consumer-task-status-error-listener-1, groupId=task-status-error-listener] (Re-)joining group
[2025-04-20 23:18:38] [INFO] [spring-homework-task-status-0-C-1] o.a.k.c.c.i.ConsumerCoordinator - [Consumer clientId=consumer-spring-homework-task-status-2, groupId=spring-homework-task-status] (Re-)joining group
[2025-04-20 23:18:38] [INFO] [task-status-error-listener-0-C-1] o.a.k.c.c.i.ConsumerCoordinator - [Consumer clientId=consumer-task-status-error-listener-1, groupId=task-status-error-listener] Request joining group due to: need to re-join with the given member-id: consumer-task-status-error-listener-1-0b68c3d2-82b0-42cd-b3a9-286c23e0d7a4
[2025-04-20 23:18:38] [INFO] [task-status-error-listener-0-C-1] o.a.k.c.c.i.ConsumerCoordinator - [Consumer clientId=consumer-task-status-error-listener-1, groupId=task-status-error-listener] (Re-)joining group
[2025-04-20 23:18:38] [INFO] [spring-homework-task-status-0-C-1] o.a.k.c.c.i.ConsumerCoordinator - [Consumer clientId=consumer-spring-homework-task-status-2, groupId=spring-homework-task-status] Request joining group due to: need to re-join with the given member-id: consumer-spring-homework-task-status-2-b723d839-2d9c-42a1-a451-ecce098dc7bd
[2025-04-20 23:18:38] [INFO] [spring-homework-task-status-0-C-1] o.a.k.c.c.i.ConsumerCoordinator - [Consumer clientId=consumer-spring-homework-task-status-2, groupId=spring-homework-task-status] (Re-)joining group
[2025-04-20 23:18:38] [INFO] [spring-homework-task-status-0-C-1] o.a.k.c.c.i.ConsumerCoordinator - [Consumer clientId=consumer-spring-homework-task-status-2, groupId=spring-homework-task-status] Successfully joined group with generation Generation{generationId=3, memberId='consumer-spring-homework-task-status-2-b723d839-2d9c-42a1-a451-ecce098dc7bd', protocol='range'}
[2025-04-20 23:18:38] [INFO] [spring-homework-task-status-0-C-1] o.a.k.c.c.i.ConsumerCoordinator - [Consumer clientId=consumer-spring-homework-task-status-2, groupId=spring-homework-task-status] Finished assignment for group at generation 3: {consumer-spring-homework-task-status-2-b723d839-2d9c-42a1-a451-ecce098dc7bd=Assignment(partitions=[spring_homework_task_change_status-0])}
[2025-04-20 23:18:38] [INFO] [task-status-error-listener-0-C-1] o.a.k.c.c.i.ConsumerCoordinator - [Consumer clientId=consumer-task-status-error-listener-1, groupId=task-status-error-listener] Successfully joined group with generation Generation{generationId=3, memberId='consumer-task-status-error-listener-1-0b68c3d2-82b0-42cd-b3a9-286c23e0d7a4', protocol='range'}
[2025-04-20 23:18:38] [INFO] [task-status-error-listener-0-C-1] o.a.k.c.c.i.ConsumerCoordinator - [Consumer clientId=consumer-task-status-error-listener-1, groupId=task-status-error-listener] Finished assignment for group at generation 3: {consumer-task-status-error-listener-1-0b68c3d2-82b0-42cd-b3a9-286c23e0d7a4=Assignment(partitions=[spring_homework_task_change_status_error-0])}
[2025-04-20 23:18:38] [INFO] [spring-homework-task-status-0-C-1] o.a.k.c.c.i.ConsumerCoordinator - [Consumer clientId=consumer-spring-homework-task-status-2, groupId=spring-homework-task-status] Successfully synced group in generation Generation{generationId=3, memberId='consumer-spring-homework-task-status-2-b723d839-2d9c-42a1-a451-ecce098dc7bd', protocol='range'}
[2025-04-20 23:18:38] [INFO] [spring-homework-task-status-0-C-1] o.a.k.c.c.i.ConsumerCoordinator - [Consumer clientId=consumer-spring-homework-task-status-2, groupId=spring-homework-task-status] Notifying assignor about the new Assignment(partitions=[spring_homework_task_change_status-0])
[2025-04-20 23:18:38] [INFO] [task-status-error-listener-0-C-1] o.a.k.c.c.i.ConsumerCoordinator - [Consumer clientId=consumer-task-status-error-listener-1, groupId=task-status-error-listener] Successfully synced group in generation Generation{generationId=3, memberId='consumer-task-status-error-listener-1-0b68c3d2-82b0-42cd-b3a9-286c23e0d7a4', protocol='range'}
[2025-04-20 23:18:38] [INFO] [task-status-error-listener-0-C-1] o.a.k.c.c.i.ConsumerCoordinator - [Consumer clientId=consumer-task-status-error-listener-1, groupId=task-status-error-listener] Notifying assignor about the new Assignment(partitions=[spring_homework_task_change_status_error-0])
[2025-04-20 23:18:38] [INFO] [spring-homework-task-status-0-C-1] o.a.k.c.c.i.ConsumerRebalanceListenerInvoker - [Consumer clientId=consumer-spring-homework-task-status-2, groupId=spring-homework-task-status] Adding newly assigned partitions: spring_homework_task_change_status-0
[2025-04-20 23:18:38] [INFO] [task-status-error-listener-0-C-1] o.a.k.c.c.i.ConsumerRebalanceListenerInvoker - [Consumer clientId=consumer-task-status-error-listener-1, groupId=task-status-error-listener] Adding newly assigned partitions: spring_homework_task_change_status_error-0
[2025-04-20 23:18:38] [INFO] [spring-homework-task-status-0-C-1] o.a.k.c.c.i.ConsumerCoordinator - [Consumer clientId=consumer-spring-homework-task-status-2, groupId=spring-homework-task-status] Found no committed offset for partition spring_homework_task_change_status-0
[2025-04-20 23:18:38] [INFO] [task-status-error-listener-0-C-1] o.a.k.c.c.i.ConsumerCoordinator - [Consumer clientId=consumer-task-status-error-listener-1, groupId=task-status-error-listener] Found no committed offset for partition spring_homework_task_change_status_error-0
[2025-04-20 23:18:38] [INFO] [task-status-error-listener-0-C-1] o.a.k.c.c.i.SubscriptionState - [Consumer clientId=consumer-task-status-error-listener-1, groupId=task-status-error-listener] Resetting offset for partition spring_homework_task_change_status_error-0 to position FetchPosition{offset=0, offsetEpoch=Optional.empty, currentLeader=LeaderAndEpoch{leader=Optional[192.168.59.103:9092 (id: 1 rack: null)], epoch=0}}.
[2025-04-20 23:18:38] [INFO] [spring-homework-task-status-0-C-1] o.a.k.c.c.i.SubscriptionState - [Consumer clientId=consumer-spring-homework-task-status-2, groupId=spring-homework-task-status] Resetting offset for partition spring_homework_task_change_status-0 to position FetchPosition{offset=0, offsetEpoch=Optional.empty, currentLeader=LeaderAndEpoch{leader=Optional[192.168.59.103:9092 (id: 1 rack: null)], epoch=0}}.
[2025-04-20 23:18:38] [INFO] [spring-homework-task-status-0-C-1] o.s.k.l.KafkaMessageListenerContainer - spring-homework-task-status: partitions assigned: [spring_homework_task_change_status-0]
[2025-04-20 23:18:38] [INFO] [task-status-error-listener-0-C-1] o.s.k.l.KafkaMessageListenerContainer - task-status-error-listener: partitions assigned: [spring_homework_task_change_status_error-0]
[2025-04-20 23:18:46] [INFO] [http-nio-8080-exec-2] o.a.c.c.C.[Tomcat].[localhost].[/] - Initializing Spring DispatcherServlet 'dispatcherServlet'
[2025-04-20 23:18:46] [INFO] [http-nio-8080-exec-2] o.s.web.servlet.DispatcherServlet - Initializing Servlet 'dispatcherServlet'
[2025-04-20 23:18:46] [INFO] [http-nio-8080-exec-2] o.s.web.servlet.DispatcherServlet - Completed initialization in 1 ms
[2025-04-20 23:19:03] [ERROR] [http-nio-8080-exec-2] o.a.c.c.C.[.[.[.[dispatcherServlet] - Servlet.service() for servlet [dispatcherServlet] in context with path [] threw exception [Request processing failed: jakarta.validation.ConstraintViolationException: Validation failed for classes [org.mik.springhomeworkaop.task.model.entity.Task] during persist time for groups [jakarta.validation.groups.Default, ]
List of constraint violations:[
	ConstraintViolationImpl{interpolatedMessage='не должно равняться null', propertyPath=idUser, rootBeanClass=class org.mik.springhomeworkaop.task.model.entity.Task, messageTemplate='{jakarta.validation.constraints.NotNull.message}'}
]] with root cause
jakarta.validation.ConstraintViolationException: Validation failed for classes [org.mik.springhomeworkaop.task.model.entity.Task] during persist time for groups [jakarta.validation.groups.Default, ]
List of constraint violations:[
	ConstraintViolationImpl{interpolatedMessage='не должно равняться null', propertyPath=idUser, rootBeanClass=class org.mik.springhomeworkaop.task.model.entity.Task, messageTemplate='{jakarta.validation.constraints.NotNull.message}'}
]
	at org.hibernate.boot.beanvalidation.BeanValidationEventListener.validate(BeanValidationEventListener.java:176)
	at org.hibernate.boot.beanvalidation.BeanValidationEventListener.onPreInsert(BeanValidationEventListener.java:88)
	at org.hibernate.action.internal.EntityIdentityInsertAction.preInsert(EntityIdentityInsertAction.java:201)
	at org.hibernate.action.internal.EntityIdentityInsertAction.execute(EntityIdentityInsertAction.java:79)
	at org.hibernate.engine.spi.ActionQueue.execute(ActionQueue.java:682)
	at org.hibernate.engine.spi.ActionQueue.addResolvedEntityInsertAction(ActionQueue.java:293)
	at org.hibernate.engine.spi.ActionQueue.addInsertAction(ActionQueue.java:274)
	at org.hibernate.engine.spi.ActionQueue.addAction(ActionQueue.java:324)
	at org.hibernate.event.internal.AbstractSaveEventListener.addInsertAction(AbstractSaveEventListener.java:393)
	at org.hibernate.event.internal.AbstractSaveEventListener.performSaveOrReplicate(AbstractSaveEventListener.java:307)
	at org.hibernate.event.internal.AbstractSaveEventListener.performSave(AbstractSaveEventListener.java:223)
	at org.hibernate.event.internal.AbstractSaveEventListener.saveWithGeneratedId(AbstractSaveEventListener.java:136)
	at org.hibernate.event.internal.DefaultPersistEventListener.entityIsTransient(DefaultPersistEventListener.java:177)
	at org.hibernate.event.internal.DefaultPersistEventListener.persist(DefaultPersistEventListener.java:95)
	at org.hibernate.event.internal.DefaultPersistEventListener.onPersist(DefaultPersistEventListener.java:79)
	at org.hibernate.event.internal.DefaultPersistEventListener.onPersist(DefaultPersistEventListener.java:55)
	at org.hibernate.event.service.internal.EventListenerGroupImpl.fireEventOnEachListener(EventListenerGroupImpl.java:127)
	at org.hibernate.internal.SessionImpl.firePersist(SessionImpl.java:761)
	at org.hibernate.internal.SessionImpl.persist(SessionImpl.java:745)
	at java.base/jdk.internal.reflect.NativeMethodAccessorImpl.invoke0(Native Method)
	at java.base/jdk.internal.reflect.NativeMethodAccessorImpl.invoke(NativeMethodAccessorImpl.java:77)
	at java.base/jdk.internal.reflect.DelegatingMethodAccessorImpl.invoke(DelegatingMethodAccessorImpl.java:43)
	at java.base/java.lang.reflect.Method.invoke(Method.java:568)
	at org.springframework.orm.jpa.ExtendedEntityManagerCreator$ExtendedEntityManagerInvocationHandler.invoke(ExtendedEntityManagerCreator.java:364)
	at jdk.proxy2/jdk.proxy2.$Proxy132.persist(Unknown Source)
	at java.base/jdk.internal.reflect.NativeMethodAccessorImpl.invoke0(Native Method)
	at java.base/jdk.internal.reflect.NativeMethodAccessorImpl.invoke(NativeMethodAccessorImpl.java:77)
	at java.base/jdk.internal.reflect.DelegatingMethodAccessorImpl.invoke(DelegatingMethodAccessorImpl.java:43)
	at java.base/java.lang.reflect.Method.invoke(Method.java:568)
	at org.springframework.orm.jpa.SharedEntityManagerCreator$SharedEntityManagerInvocationHandler.invoke(SharedEntityManagerCreator.java:320)
	at jdk.proxy2/jdk.proxy2.$Proxy132.persist(Unknown Source)
	at org.springframework.data.jpa.repository.support.SimpleJpaRepository.save(SimpleJpaRepository.java:636)
	at org.springframework.data.jpa.repository.support.SimpleJpaRepository.saveAndFlush(SimpleJpaRepository.java:647)
	at java.base/jdk.internal.reflect.NativeMethodAccessorImpl.invoke0(Native Method)
	at java.base/jdk.internal.reflect.NativeMethodAccessorImpl.invoke(NativeMethodAccessorImpl.java:77)
	at java.base/jdk.internal.reflect.DelegatingMethodAccessorImpl.invoke(DelegatingMethodAccessorImpl.java:43)
	at java.base/java.lang.reflect.Method.invoke(Method.java:568)
	at org.springframework.aop.support.AopUtils.invokeJoinpointUsingReflection(AopUtils.java:359)
	at org.springframework.data.repository.core.support.RepositoryMethodInvoker$RepositoryFragmentMethodInvoker.lambda$new$0(RepositoryMethodInvoker.java:277)
	at org.springframework.data.repository.core.support.RepositoryMethodInvoker.doInvoke(RepositoryMethodInvoker.java:170)
	at org.springframework.data.repository.core.support.RepositoryMethodInvoker.invoke(RepositoryMethodInvoker.java:158)
	at org.springframework.data.repository.core.support.RepositoryComposition$RepositoryFragments.invoke(RepositoryComposition.java:515)
	at org.springframework.data.repository.core.support.RepositoryComposition.invoke(RepositoryComposition.java:284)
	at org.springframework.data.repository.core.support.RepositoryFactorySupport$ImplementationMethodExecutionInterceptor.invoke(RepositoryFactorySupport.java:731)
	at org.springframework.aop.framework.ReflectiveMethodInvocation.proceed(ReflectiveMethodInvocation.java:184)
	at org.springframework.data.repository.core.support.QueryExecutorMethodInterceptor.doInvoke(QueryExecutorMethodInterceptor.java:174)
	at org.springframework.data.repository.core.support.QueryExecutorMethodInterceptor.invoke(QueryExecutorMethodInterceptor.java:149)
	at org.springframework.aop.framework.ReflectiveMethodInvocation.proceed(ReflectiveMethodInvocation.java:184)
	at org.springframework.data.projection.DefaultMethodInvokingMethodInterceptor.invoke(DefaultMethodInvokingMethodInterceptor.java:69)
	at org.springframework.aop.framework.ReflectiveMethodInvocation.proceed(ReflectiveMethodInvocation.java:184)
	at org.springframework.transaction.interceptor.TransactionAspectSupport.invokeWithinTransaction(TransactionAspectSupport.java:380)
	at org.springframework.transaction.interceptor.TransactionInterceptor.invoke(TransactionInterceptor.java:119)
	at org.springframework.aop.framework.ReflectiveMethodInvocation.proceed(ReflectiveMethodInvocation.java:184)
	at org.springframework.dao.support.PersistenceExceptionTranslationInterceptor.invoke(PersistenceExceptionTranslationInterceptor.java:138)
	at org.springframework.aop.framework.ReflectiveMethodInvocation.proceed(ReflectiveMethodInvocation.java:184)
	at org.springframework.data.jpa.repository.support.CrudMethodMetadataPostProcessor$CrudMethodMetadataPopulatingMethodInterceptor.invoke(CrudMethodMetadataPostProcessor.java:165)
	at org.springframework.aop.framework.ReflectiveMethodInvocation.proceed(ReflectiveMethodInvocation.java:184)
	at org.springframework.aop.framework.JdkDynamicAopProxy.invoke(JdkDynamicAopProxy.java:223)
	at jdk.proxy2/jdk.proxy2.$Proxy135.saveAndFlush(Unknown Source)
	at org.mik.springhomeworkaop.task.service.TaskService.createTask(TaskService.java:102)
	at java.base/jdk.internal.reflect.NativeMethodAccessorImpl.invoke0(Native Method)
	at java.base/jdk.internal.reflect.NativeMethodAccessorImpl.invoke(NativeMethodAccessorImpl.java:77)
	at java.base/jdk.internal.reflect.DelegatingMethodAccessorImpl.invoke(DelegatingMethodAccessorImpl.java:43)
	at java.base/java.lang.reflect.Method.invoke(Method.java:568)
	at org.springframework.aop.support.AopUtils.invokeJoinpointUsingReflection(AopUtils.java:359)
	at org.springframework.aop.framework.ReflectiveMethodInvocation.invokeJoinpoint(ReflectiveMethodInvocation.java:196)
	at org.springframework.aop.framework.ReflectiveMethodInvocation.proceed(ReflectiveMethodInvocation.java:163)
	at org.springframework.aop.aspectj.AspectJAfterThrowingAdvice.invoke(AspectJAfterThrowingAdvice.java:64)
	at org.springframework.aop.framework.ReflectiveMethodInvocation.proceed(ReflectiveMethodInvocation.java:173)
	at org.springframework.aop.interceptor.ExposeInvocationInterceptor.invoke(ExposeInvocationInterceptor.java:97)
	at org.springframework.aop.framework.ReflectiveMethodInvocation.proceed(ReflectiveMethodInvocation.java:184)
	at org.springframework.aop.framework.CglibAopProxy$DynamicAdvisedInterceptor.intercept(CglibAopProxy.java:727)
	at org.mik.springhomeworkaop.task.service.TaskService$$SpringCGLIB$$0.createTask(<generated>)
	at org.mik.springhomeworkaop.task.controller.TaskController.createTask(TaskController.java:49)
	at java.base/jdk.internal.reflect.NativeMethodAccessorImpl.invoke0(Native Method)
	at java.base/jdk.internal.reflect.NativeMethodAccessorImpl.invoke(NativeMethodAccessorImpl.java:77)
	at java.base/jdk.internal.reflect.DelegatingMethodAccessorImpl.invoke(DelegatingMethodAccessorImpl.java:43)
	at java.base/java.lang.reflect.Method.invoke(Method.java:568)
	at org.springframework.web.method.support.InvocableHandlerMethod.doInvoke(InvocableHandlerMethod.java:258)
	at org.springframework.web.method.support.InvocableHandlerMethod.invokeForRequest(InvocableHandlerMethod.java:191)
	at org.springframework.web.servlet.mvc.method.annotation.ServletInvocableHandlerMethod.invokeAndHandle(ServletInvocableHandlerMethod.java:118)
	at org.springframework.web.servlet.mvc.method.annotation.RequestMappingHandlerAdapter.invokeHandlerMethod(RequestMappingHandlerAdapter.java:986)
	at org.springframework.web.servlet.mvc.method.annotation.RequestMappingHandlerAdapter.handleInternal(RequestMappingHandlerAdapter.java:891)
	at org.springframework.web.servlet.mvc.method.AbstractHandlerMethodAdapter.handle(AbstractHandlerMethodAdapter.java:87)
	at org.springframework.web.servlet.DispatcherServlet.doDispatch(DispatcherServlet.java:1089)
	at org.springframework.web.servlet.DispatcherServlet.doService(DispatcherServlet.java:979)
	at org.springframework.web.servlet.FrameworkServlet.processRequest(FrameworkServlet.java:1014)
	at org.springframework.web.servlet.FrameworkServlet.doPost(FrameworkServlet.java:914)
	at jakarta.servlet.http.HttpServlet.service(HttpServlet.java:590)
	at org.springframework.web.servlet.FrameworkServlet.service(FrameworkServlet.java:885)
	at jakarta.servlet.http.HttpServlet.service(HttpServlet.java:658)
	at org.apache.catalina.core.ApplicationFilterChain.internalDoFilter(ApplicationFilterChain.java:195)
	at org.apache.catalina.core.ApplicationFilterChain.doFilter(ApplicationFilterChain.java:140)
	at org.apache.tomcat.websocket.server.WsFilter.doFilter(WsFilter.java:51)
	at org.apache.catalina.core.ApplicationFilterChain.internalDoFilter(ApplicationFilterChain.java:164)
	at org.apache.catalina.core.ApplicationFilterChain.doFilter(ApplicationFilterChain.java:140)
	at org.springframework.web.filter.RequestContextFilter.doFilterInternal(RequestContextFilter.java:100)
	at org.springframework.web.filter.OncePerRequestFilter.doFilter(OncePerRequestFilter.java:116)
	at org.apache.catalina.core.ApplicationFilterChain.internalDoFilter(ApplicationFilterChain.java:164)
	at org.apache.catalina.core.ApplicationFilterChain.doFilter(ApplicationFilterChain.java:140)
	at org.springframework.web.filter.FormContentFilter.doFilterInternal(FormContentFilter.java:93)
	at org.springframework.web.filter.OncePerRequestFilter.doFilter(OncePerRequestFilter.java:116)
	at org.apache.catalina.core.ApplicationFilterChain.internalDoFilter(ApplicationFilterChain.java:164)
	at org.apache.catalina.core.ApplicationFilterChain.doFilter(ApplicationFilterChain.java:140)
	at org.springframework.web.filter.CharacterEncodingFilter.doFilterInternal(CharacterEncodingFilter.java:201)
	at org.springframework.web.filter.OncePerRequestFilter.doFilter(OncePerRequestFilter.java:116)
	at org.apache.catalina.core.ApplicationFilterChain.internalDoFilter(ApplicationFilterChain.java:164)
	at org.apache.catalina.core.ApplicationFilterChain.doFilter(ApplicationFilterChain.java:140)
	at org.apache.catalina.core.StandardWrapperValve.invoke(StandardWrapperValve.java:167)
	at org.apache.catalina.core.StandardContextValve.invoke(StandardContextValve.java:90)
	at org.apache.catalina.authenticator.AuthenticatorBase.invoke(AuthenticatorBase.java:483)
	at org.apache.catalina.core.StandardHostValve.invoke(StandardHostValve.java:115)
	at org.apache.catalina.valves.ErrorReportValve.invoke(ErrorReportValve.java:93)
	at org.apache.catalina.core.StandardEngineValve.invoke(StandardEngineValve.java:74)
	at org.apache.catalina.connector.CoyoteAdapter.service(CoyoteAdapter.java:344)
	at org.apache.coyote.http11.Http11Processor.service(Http11Processor.java:397)
	at org.apache.coyote.AbstractProcessorLight.process(AbstractProcessorLight.java:63)
	at org.apache.coyote.AbstractProtocol$ConnectionHandler.process(AbstractProtocol.java:905)
	at org.apache.tomcat.util.net.NioEndpoint$SocketProcessor.doRun(NioEndpoint.java:1743)
	at org.apache.tomcat.util.net.SocketProcessorBase.run(SocketProcessorBase.java:52)
	at org.apache.tomcat.util.threads.ThreadPoolExecutor.runWorker(ThreadPoolExecutor.java:1190)
	at org.apache.tomcat.util.threads.ThreadPoolExecutor$Worker.run(ThreadPoolExecutor.java:659)
	at org.apache.tomcat.util.threads.TaskThread$WrappingRunnable.run(TaskThread.java:63)
	at java.base/java.lang.Thread.run(Thread.java:833)
[2025-04-20 23:19:03] [INFO] [spring-homework-task-status-0-C-1] o.a.k.c.c.i.ConsumerRebalanceListenerInvoker - [Consumer clientId=consumer-spring-homework-task-status-2, groupId=spring-homework-task-status] Revoke previously assigned partitions spring_homework_task_change_status-0
[2025-04-20 23:19:03] [INFO] [task-status-error-listener-0-C-1] o.a.k.c.c.i.ConsumerRebalanceListenerInvoker - [Consumer clientId=consumer-task-status-error-listener-1, groupId=task-status-error-listener] Revoke previously assigned partitions spring_homework_task_change_status_error-0
[2025-04-20 23:19:03] [INFO] [spring-homework-task-status-0-C-1] o.s.k.l.KafkaMessageListenerContainer - spring-homework-task-status: partitions revoked: [spring_homework_task_change_status-0]
[2025-04-20 23:19:03] [INFO] [task-status-error-listener-0-C-1] o.s.k.l.KafkaMessageListenerContainer - task-status-error-listener: partitions revoked: [spring_homework_task_change_status_error-0]
[2025-04-20 23:19:03] [INFO] [spring-homework-task-status-0-C-1] o.a.k.c.c.i.ConsumerCoordinator - [Consumer clientId=consumer-spring-homework-task-status-2, groupId=spring-homework-task-status] Member consumer-spring-homework-task-status-2-b723d839-2d9c-42a1-a451-ecce098dc7bd sending LeaveGroup request to coordinator 192.168.59.103:9092 (id: 2147483646 rack: null) due to the consumer unsubscribed from all topics
[2025-04-20 23:19:03] [INFO] [task-status-error-listener-0-C-1] o.a.k.c.c.i.ConsumerCoordinator - [Consumer clientId=consumer-task-status-error-listener-1, groupId=task-status-error-listener] Member consumer-task-status-error-listener-1-0b68c3d2-82b0-42cd-b3a9-286c23e0d7a4 sending LeaveGroup request to coordinator 192.168.59.103:9092 (id: 2147483646 rack: null) due to the consumer unsubscribed from all topics
[2025-04-20 23:19:03] [INFO] [task-status-error-listener-0-C-1] o.a.k.c.c.i.ConsumerCoordinator - [Consumer clientId=consumer-task-status-error-listener-1, groupId=task-status-error-listener] Resetting generation and member id due to: consumer pro-actively leaving the group
[2025-04-20 23:19:03] [INFO] [spring-homework-task-status-0-C-1] o.a.k.c.c.i.ConsumerCoordinator - [Consumer clientId=consumer-spring-homework-task-status-2, groupId=spring-homework-task-status] Resetting generation and member id due to: consumer pro-actively leaving the group
[2025-04-20 23:19:03] [INFO] [task-status-error-listener-0-C-1] o.a.k.c.c.i.ConsumerCoordinator - [Consumer clientId=consumer-task-status-error-listener-1, groupId=task-status-error-listener] Request joining group due to: consumer pro-actively leaving the group
[2025-04-20 23:19:03] [INFO] [spring-homework-task-status-0-C-1] o.a.k.c.c.i.ConsumerCoordinator - [Consumer clientId=consumer-spring-homework-task-status-2, groupId=spring-homework-task-status] Request joining group due to: consumer pro-actively leaving the group
[2025-04-20 23:19:03] [INFO] [task-status-error-listener-0-C-1] o.a.k.c.c.i.LegacyKafkaConsumer - [Consumer clientId=consumer-task-status-error-listener-1, groupId=task-status-error-listener] Unsubscribed all topics or patterns and assigned partitions
[2025-04-20 23:19:03] [INFO] [spring-homework-task-status-0-C-1] o.a.k.c.c.i.LegacyKafkaConsumer - [Consumer clientId=consumer-spring-homework-task-status-2, groupId=spring-homework-task-status] Unsubscribed all topics or patterns and assigned partitions
[2025-04-20 23:19:03] [INFO] [spring-homework-task-status-0-C-1] o.a.k.c.c.i.ConsumerCoordinator - [Consumer clientId=consumer-spring-homework-task-status-2, groupId=spring-homework-task-status] Resetting generation and member id due to: consumer pro-actively leaving the group
[2025-04-20 23:19:03] [INFO] [task-status-error-listener-0-C-1] o.a.k.c.c.i.ConsumerCoordinator - [Consumer clientId=consumer-task-status-error-listener-1, groupId=task-status-error-listener] Resetting generation and member id due to: consumer pro-actively leaving the group
[2025-04-20 23:19:03] [INFO] [spring-homework-task-status-0-C-1] o.a.k.c.c.i.ConsumerCoordinator - [Consumer clientId=consumer-spring-homework-task-status-2, groupId=spring-homework-task-status] Request joining group due to: consumer pro-actively leaving the group
[2025-04-20 23:19:03] [INFO] [task-status-error-listener-0-C-1] o.a.k.c.c.i.ConsumerCoordinator - [Consumer clientId=consumer-task-status-error-listener-1, groupId=task-status-error-listener] Request joining group due to: consumer pro-actively leaving the group
